mode: set
notes-api/internal/stringsx/stringsx.go:4.37,5.13 1 1
notes-api/internal/stringsx/stringsx.go:5.13,7.3 1 1
notes-api/internal/stringsx/stringsx.go:8.2,8.19 1 1
notes-api/internal/stringsx/stringsx.go:8.19,10.3 1 1
notes-api/internal/stringsx/stringsx.go:11.2,11.16 1 1
notes-api/internal/service/service.go:5.34,5.65 1 1
notes-api/internal/service/service.go:8.62,10.16 2 1
notes-api/internal/service/service.go:10.16,12.3 1 1
notes-api/internal/service/service.go:13.2,13.18 1 1
notes-api/cmd/api/main.go:15.69,23.13 3 0
notes-api/cmd/api/main.go:23.13,25.3 1 0
notes-api/cmd/api/main.go:26.2,26.18 1 0
notes-api/cmd/api/main.go:29.13,37.16 5 0
notes-api/cmd/api/main.go:37.16,39.3 1 0
notes-api/cmd/api/main.go:39.8,41.3 1 0
notes-api/cmd/api/main.go:44.2,45.16 2 0
notes-api/cmd/api/main.go:45.16,47.3 1 0
notes-api/cmd/api/main.go:49.2,69.16 12 0
notes-api/cmd/api/main.go:69.16,71.3 1 0
notes-api/cmd/api/main.go:71.8,73.3 1 0
notes-api/cmd/api/main.go:75.2,76.16 2 0
notes-api/cmd/api/main.go:76.16,78.3 1 0
notes-api/cmd/api/main.go:78.8,80.3 1 0
notes-api/cmd/api/main.go:83.2,84.16 2 0
notes-api/cmd/api/main.go:84.16,86.3 1 0
notes-api/cmd/api/main.go:86.8,88.3 1 0
notes-api/cmd/api/main.go:90.2,90.46 1 0
notes-api/internal/mathx/mathx.go:8.24,10.2 1 1
notes-api/internal/mathx/mathx.go:12.36,13.15 1 1
notes-api/internal/mathx/mathx.go:13.15,15.6 1 1
notes-api/internal/mathx/mathx.go:16.5,16.22 1 1
notes-api/internal/mathx/mathx.go:21.27,22.14 1 1
notes-api/internal/mathx/mathx.go:22.14,23.46 1 1
notes-api/internal/mathx/mathx.go:25.5,25.15 1 1
notes-api/internal/mathx/mathx.go:25.15,27.6 1 1
notes-api/internal/mathx/mathx.go:28.5,29.29 2 1
notes-api/internal/mathx/mathx.go:29.29,31.6 1 1
notes-api/internal/mathx/mathx.go:32.5,32.18 1 1
notes-api/internal/mathx/mathx.go:37.30,38.15 1 1
notes-api/internal/mathx/mathx.go:38.15,39.65 1 1
